#
# There is insufficient memory for the Java Runtime Environment to continue.
# Native memory allocation (malloc) failed to allocate 2097152 bytes for AllocateHeap
# Possible reasons:
#   The system is out of physical RAM or swap space
#   The process is running with CompressedOops enabled, and the Java Heap may be blocking the growth of the native heap
# Possible solutions:
#   Reduce memory load on the system
#   Increase physical memory or swap space
#   Check if swap backing store is full
#   Decrease Java heap size (-Xmx/-Xms)
#   Decrease number of Java threads
#   Decrease Java thread stack sizes (-Xss)
#   Set larger code cache with -XX:ReservedCodeCacheSize=
#   JVM is running with Unscaled Compressed Oops mode in which the Java heap is
#     placed in the first 4GB address space. The Java Heap base address is the
#     maximum limit for the native heap growth. Please use -XX:HeapBaseMinAddress
#     to set the Java Heap base and to place the Java Heap above 4GB virtual address.
# This output file may be truncated or incomplete.
#
#  Out of Memory Error (allocation.cpp:44), pid=1288, tid=8708
#
# JRE version: OpenJDK Runtime Environment Temurin-17.0.10+7 (17.0.10+7) (build 17.0.10+7)
# Java VM: OpenJDK 64-Bit Server VM Temurin-17.0.10+7 (17.0.10+7, mixed mode, emulated-client, tiered, compressed oops, compressed class ptrs, g1 gc, windows-amd64)
# No core dump will be written. Minidumps are not enabled by default on client versions of Windows
#

---------------  S U M M A R Y ------------

Command Line: -XX:+HeapDumpOnOutOfMemoryError -Xmx1024m -Dsts.lsp.client=vscode -Dsts.log.file=/dev/null -XX:TieredStopAtLevel=1 -Xlog:jni+resolve=off -Dspring.config.location=file:c:\Users\User\.vscode\extensions\vmware.vscode-spring-boot-1.53.0\language-server\BOOT-INF\classes\application.properties org.springframework.ide.vscode.boot.app.BootLanguageServerBootApp

Host: Intel(R) Core(TM) i5-7200U CPU @ 2.50GHz, 4 cores, 7G,  Windows 10 , 64 bit Build 19041 (10.0.19041.3636)
Time: Mon Apr 15 19:33:14 2024 Hora de Verão de GMT elapsed time: 80815.945376 seconds (0d 22h 26m 55s)

---------------  T H R E A D  ---------------

Current thread (0x0000025049c089a0):  VMThread "VM Thread" [stack: 0x00000065d1500000,0x00000065d1600000] [id=8708]

Stack: [0x00000065d1500000,0x00000065d1600000]
Native frames: (J=compiled Java code, j=interpreted, Vv=VM code, C=native code)
V  [jvm.dll+0x67d2c9]
V  [jvm.dll+0x834afa]
V  [jvm.dll+0x8365be]
V  [jvm.dll+0x836c23]
V  [jvm.dll+0x2477ff]
V  [jvm.dll+0xa6c93]
V  [jvm.dll+0x2f86f1]
V  [jvm.dll+0x2f42e0]
V  [jvm.dll+0x2dc8c7]
V  [jvm.dll+0x31fb87]
V  [jvm.dll+0x83b11b]
V  [jvm.dll+0x83be61]
V  [jvm.dll+0x83c37d]
V  [jvm.dll+0x83c754]
V  [jvm.dll+0x83c820]
V  [jvm.dll+0x7e3fba]
V  [jvm.dll+0x67c1b5]
C  [ucrtbase.dll+0x21bb2]
C  [KERNEL32.DLL+0x17344]
C  [ntdll.dll+0x526b1]

VM_Operation (0x00000065d27feb20): G1CollectFull, mode: safepoint, requested by thread 0x000002504f5b7160


---------------  P R O C E S S  ---------------

Threads class SMR info:
_java_thread_list=0x0000025058cdb2e0, length=19, elements={
0x0000025049c1e380, 0x0000025049c1f8b0, 0x0000025049c4ec00, 0x0000025049c4f990,
0x0000025049c53b20, 0x0000025049c543f0, 0x0000025049c55510, 0x000002504e0127b0,
0x000002504e1f2e80, 0x000002504e225650, 0x000002504f5fa300, 0x000002504f5b7160,
0x000002504f4c14b0, 0x000002503f69af60, 0x000002504f7375d0, 0x000002504f7d70a0,
0x000002504f7d30e0, 0x000002504f7d6890, 0x000002504f7d35f0
}

Java Threads: ( => current thread )
  0x0000025049c1e380 JavaThread "Reference Handler" daemon [_thread_blocked, id=6320, stack(0x00000065d1600000,0x00000065d1700000)]
  0x0000025049c1f8b0 JavaThread "Finalizer" daemon [_thread_blocked, id=6364, stack(0x00000065d1700000,0x00000065d1800000)]
  0x0000025049c4ec00 JavaThread "Signal Dispatcher" daemon [_thread_blocked, id=6392, stack(0x00000065d1800000,0x00000065d1900000)]
  0x0000025049c4f990 JavaThread "Attach Listener" daemon [_thread_blocked, id=8724, stack(0x00000065d1900000,0x00000065d1a00000)]
  0x0000025049c53b20 JavaThread "Service Thread" daemon [_thread_blocked, id=2644, stack(0x00000065d1a00000,0x00000065d1b00000)]
  0x0000025049c543f0 JavaThread "Monitor Deflation Thread" daemon [_thread_blocked, id=7340, stack(0x00000065d1b00000,0x00000065d1c00000)]
  0x0000025049c55510 JavaThread "C1 CompilerThread0" daemon [_thread_blocked, id=5512, stack(0x00000065d1c00000,0x00000065d1d00000)]
  0x000002504e0127b0 JavaThread "Sweeper thread" daemon [_thread_blocked, id=9464, stack(0x00000065d1d00000,0x00000065d1e00000)]
  0x000002504e1f2e80 JavaThread "Notification Thread" daemon [_thread_blocked, id=6832, stack(0x00000065d1f00000,0x00000065d2000000)]
  0x000002504e225650 JavaThread "Common-Cleaner" daemon [_thread_blocked, id=6068, stack(0x00000065d2100000,0x00000065d2200000)]
  0x000002504f5fa300 JavaThread "boundedElastic-evictor-1" daemon [_thread_blocked, id=3752, stack(0x00000065d2500000,0x00000065d2600000)]
  0x000002504f5b7160 JavaThread "pool-13-thread-1" [_thread_blocked, id=6492, stack(0x00000065d2700000,0x00000065d2800000)]
  0x000002504f4c14b0 JavaThread "LanguageServerApp-lifecycle" [_thread_blocked, id=9492, stack(0x00000065d2800000,0x00000065d2900000)]
  0x000002503f69af60 JavaThread "DestroyJavaVM" [_thread_blocked, id=9068, stack(0x00000065d0f00000,0x00000065d1000000)]
  0x000002504f7375d0 JavaThread "pool-14-thread-1" [_thread_in_native, id=7836, stack(0x00000065d2900000,0x00000065d2a00000)]
  0x000002504f7d70a0 JavaThread "Simple-Language-Server main thread" daemon [_thread_blocked, id=2752, stack(0x00000065d2a00000,0x00000065d2b00000)]
  0x000002504f7d30e0 JavaThread "parallel-1" daemon [_thread_blocked, id=8952, stack(0x00000065d2e00000,0x00000065d2f00000)]
  0x000002504f7d6890 JavaThread "pool-6-thread-1" [_thread_blocked, id=7460, stack(0x00000065d2f00000,0x00000065d3000000)]
  0x000002504f7d35f0 JavaThread "parallel-2" daemon [_thread_blocked, id=6040, stack(0x00000065d3000000,0x00000065d3100000)]

Other Threads:
=>0x0000025049c089a0 VMThread "VM Thread" [stack: 0x00000065d1500000,0x00000065d1600000] [id=8708]
  0x000002504e213370 WatcherThread [stack: 0x00000065d2000000,0x00000065d2100000] [id=6116]
  0x000002503f6d78b0 GCTaskThread "GC Thread#0" [stack: 0x00000065d1000000,0x00000065d1100000] [id=6984]
  0x000002504e803d80 GCTaskThread "GC Thread#1" [stack: 0x00000065d1e00000,0x00000065d1f00000] [id=5176]
  0x000002504e16a890 GCTaskThread "GC Thread#2" [stack: 0x00000065d2200000,0x00000065d2300000] [id=6780]
  0x000002504e0e01f0 GCTaskThread "GC Thread#3" [stack: 0x00000065d2400000,0x00000065d2500000] [id=9964]
  0x000002503f6e0710 ConcurrentGCThread "G1 Main Marker" [stack: 0x00000065d1100000,0x00000065d1200000] [id=3004]
  0x000002503f6e17e0 ConcurrentGCThread "G1 Conc#0" [stack: 0x00000065d1200000,0x00000065d1300000] [id=8780]
  0x0000025049a80090 ConcurrentGCThread "G1 Refine#0" [stack: 0x00000065d1300000,0x00000065d1400000] [id=7260]
  0x0000025049a809d0 ConcurrentGCThread "G1 Service" [stack: 0x00000065d1400000,0x00000065d1500000] [id=8788]

Threads with active compile tasks:

VM state: at safepoint (normal execution)

VM Mutex/Monitor currently owned by a thread:  ([mutex/lock_event])
[0x000002503d5f1850] Threads_lock - owner thread: 0x0000025049c089a0
[0x000002503f696800] Heap_lock - owner thread: 0x000002504f5b7160

Heap address: 0x00000000c0000000, size: 1024 MB, Compressed Oops mode: 32-bit

CDS archive(s) not mapped
Compressed class space mapped at: 0x0000000100000000-0x0000000140000000, reserved size: 1073741824
Narrow klass base: 0x0000000000000000, Narrow klass shift: 3, Narrow klass range: 0x140000000

GC Precious Log:
 CPUs: 4 total, 4 available
 Memory: 8092M
 Large Page Support: Disabled
 NUMA Support: Disabled
 Compressed Oops: Enabled (32-bit)
 Heap Region Size: 1M
 Heap Min Capacity: 8M
 Heap Initial Capacity: 128M
 Heap Max Capacity: 1G
 Pre-touch: Disabled
 Parallel Workers: 4
 Concurrent Workers: 1
 Concurrent Refinement Workers: 4
 Periodic GC: Disabled

Heap:
 garbage-first heap   total 97280K, used 29053K [0x00000000c0000000, 0x0000000100000000)
  region size 1024K, 1 young (1024K), 0 survivors (0K)
 Metaspace       used 57375K, committed 58112K, reserved 1114112K
  class space    used 7087K, committed 7360K, reserved 1048576K

Heap Regions: E=young(eden), S=young(survivor), O=old, HS=humongous(starts), HC=humongous(continues), CS=collection set, F=free, OA=open archive, CA=closed archive, TAMS=top-at-mark-start (previous, next)
|   0|0x00000000c0000000, 0x00000000c0100000, 0x00000000c0100000|100%|HS|  |TAMS 0x00000000c0100000, 0x00000000c0000000| Untracked 
|   1|0x00000000c0100000, 0x00000000c0200000, 0x00000000c0200000|100%|HC|  |TAMS 0x00000000c0200000, 0x00000000c0100000| Untracked 
|   2|0x00000000c0200000, 0x00000000c0300000, 0x00000000c0300000|100%|HC|  |TAMS 0x00000000c0300000, 0x00000000c0200000| Untracked 
|   3|0x00000000c0300000, 0x00000000c0400000, 0x00000000c0400000|100%|HC|  |TAMS 0x00000000c0400000, 0x00000000c0300000| Untracked 
|   4|0x00000000c0400000, 0x00000000c0500000, 0x00000000c0500000|100%| O|  |TAMS 0x00000000c0500000, 0x00000000c0400000| Untracked 
|   5|0x00000000c0500000, 0x00000000c05ffff0, 0x00000000c0600000| 99%| O|  |TAMS 0x00000000c05ffff0, 0x00000000c0500000| Untracked 
|   6|0x00000000c0600000, 0x00000000c06fffe0, 0x00000000c0700000| 99%| O|  |TAMS 0x00000000c06fffe0, 0x00000000c0600000| Untracked 
|   7|0x00000000c0700000, 0x00000000c0800000, 0x00000000c0800000|100%| O|  |TAMS 0x00000000c0800000, 0x00000000c0700000| Untracked 
|   8|0x00000000c0800000, 0x00000000c0900000, 0x00000000c0900000|100%| O|  |TAMS 0x00000000c0900000, 0x00000000c0800000| Untracked 
|   9|0x00000000c0900000, 0x00000000c09fc608, 0x00000000c0a00000| 98%| O|  |TAMS 0x00000000c09fc608, 0x00000000c0900000| Untracked 
|  10|0x00000000c0a00000, 0x00000000c0b00000, 0x00000000c0b00000|100%|HS|  |TAMS 0x00000000c0b00000, 0x00000000c0a00000| Untracked 
|  11|0x00000000c0b00000, 0x00000000c0c00000, 0x00000000c0c00000|100%|HC|  |TAMS 0x00000000c0c00000, 0x00000000c0b00000| Untracked 
|  12|0x00000000c0c00000, 0x00000000c0d00000, 0x00000000c0d00000|100%| O|  |TAMS 0x00000000c0d00000, 0x00000000c0c00000| Untracked 
|  13|0x00000000c0d00000, 0x00000000c0dfffe0, 0x00000000c0e00000| 99%| O|  |TAMS 0x00000000c0dfffe0, 0x00000000c0d00000| Untracked 
|  14|0x00000000c0e00000, 0x00000000c0f00000, 0x00000000c0f00000|100%| O|  |TAMS 0x00000000c0f00000, 0x00000000c0e00000| Untracked 
|  15|0x00000000c0f00000, 0x00000000c0ffffe8, 0x00000000c1000000| 99%| O|  |TAMS 0x00000000c0ffffe8, 0x00000000c0f00000| Untracked 
|  16|0x00000000c1000000, 0x00000000c10fffb8, 0x00000000c1100000| 99%| O|  |TAMS 0x00000000c10fffb8, 0x00000000c1000000| Untracked 
|  17|0x00000000c1100000, 0x00000000c11ffff8, 0x00000000c1200000| 99%| O|  |TAMS 0x00000000c11ffff8, 0x00000000c1100000| Untracked 
|  18|0x00000000c1200000, 0x00000000c1300000, 0x00000000c1300000|100%| O|  |TAMS 0x00000000c1300000, 0x00000000c1200000| Untracked 
|  19|0x00000000c1300000, 0x00000000c13ffff8, 0x00000000c1400000| 99%| O|  |TAMS 0x00000000c13ffff8, 0x00000000c1300000| Untracked 
|  20|0x00000000c1400000, 0x00000000c14fffd0, 0x00000000c1500000| 99%| O|  |TAMS 0x00000000c14fffd0, 0x00000000c1400000| Untracked 
|  21|0x00000000c1500000, 0x00000000c15fffc8, 0x00000000c1600000| 99%| O|  |TAMS 0x00000000c15fffc8, 0x00000000c1500000| Untracked 
|  22|0x00000000c1600000, 0x00000000c16fffd8, 0x00000000c1700000| 99%| O|  |TAMS 0x00000000c16fffd8, 0x00000000c1600000| Untracked 
|  23|0x00000000c1700000, 0x00000000c17ffff0, 0x00000000c1800000| 99%| O|  |TAMS 0x00000000c17ffff0, 0x00000000c1700000| Untracked 
|  24|0x00000000c1800000, 0x00000000c18ffff0, 0x00000000c1900000| 99%| O|  |TAMS 0x00000000c18ffff0, 0x00000000c1800000| Untracked 
|  25|0x00000000c1900000, 0x00000000c19ffb00, 0x00000000c1a00000| 99%| O|  |TAMS 0x00000000c19ffb00, 0x00000000c1900000| Untracked 
|  26|0x00000000c1a00000, 0x00000000c1affff0, 0x00000000c1b00000| 99%| O|  |TAMS 0x00000000c1affff0, 0x00000000c1a00000| Untracked 
|  27|0x00000000c1b00000, 0x00000000c1bffec0, 0x00000000c1c00000| 99%| O|  |TAMS 0x00000000c1bffec0, 0x00000000c1b00000| Untracked 
|  28|0x00000000c1c00000, 0x00000000c1c636d8, 0x00000000c1d00000| 38%| O|  |TAMS 0x00000000c1c00000, 0x00000000c1c00000| Untracked 
|  29|0x00000000c1d00000, 0x00000000c1d00068, 0x00000000c1e00000|  0%| O|  |TAMS 0x00000000c1d00000, 0x00000000c1d00000| Untracked 
|  30|0x00000000c1e00000, 0x00000000c1e00000, 0x00000000c1f00000|  0%| F|  |TAMS 0x00000000c1e00000, 0x00000000c1e00000| Untracked 
|  31|0x00000000c1f00000, 0x00000000c1f00000, 0x00000000c2000000|  0%| F|  |TAMS 0x00000000c1f00000, 0x00000000c1f00000| Untracked 
|  32|0x00000000c2000000, 0x00000000c2000000, 0x00000000c2100000|  0%| F|  |TAMS 0x00000000c2000000, 0x00000000c2000000| Untracked 
|  33|0x00000000c2100000, 0x00000000c2100000, 0x00000000c2200000|  0%| F|  |TAMS 0x00000000c2100000, 0x00000000c2100000| Untracked 
|  34|0x00000000c2200000, 0x00000000c2200000, 0x00000000c2300000|  0%| F|  |TAMS 0x00000000c2200000, 0x00000000c2200000| Untracked 
|  35|0x00000000c2300000, 0x00000000c2300000, 0x00000000c2400000|  0%| F|  |TAMS 0x00000000c2300000, 0x00000000c2300000| Untracked 
|  36|0x00000000c2400000, 0x00000000c2400000, 0x00000000c2500000|  0%| F|  |TAMS 0x00000000c2400000, 0x00000000c2400000| Untracked 
|  37|0x00000000c2500000, 0x00000000c2500000, 0x00000000c2600000|  0%| F|  |TAMS 0x00000000c2500000, 0x00000000c2500000| Untracked 
|  38|0x00000000c2600000, 0x00000000c2600000, 0x00000000c2700000|  0%| F|  |TAMS 0x00000000c2600000, 0x00000000c2600000| Untracked 
|  39|0x00000000c2700000, 0x00000000c2700000, 0x00000000c2800000|  0%| F|  |TAMS 0x00000000c2700000, 0x00000000c2700000| Untracked 
|  40|0x00000000c2800000, 0x00000000c2800000, 0x00000000c2900000|  0%| F|  |TAMS 0x00000000c2800000, 0x00000000c2800000| Untracked 
|  41|0x00000000c2900000, 0x00000000c2900000, 0x00000000c2a00000|  0%| F|  |TAMS 0x00000000c2900000, 0x00000000c2900000| Untracked 
|  42|0x00000000c2a00000, 0x00000000c2a00000, 0x00000000c2b00000|  0%| F|  |TAMS 0x00000000c2a00000, 0x00000000c2a00000| Untracked 
|  43|0x00000000c2b00000, 0x00000000c2b00000, 0x00000000c2c00000|  0%| F|  |TAMS 0x00000000c2b00000, 0x00000000c2b00000| Untracked 
|  44|0x00000000c2c00000, 0x00000000c2c00000, 0x00000000c2d00000|  0%| F|  |TAMS 0x00000000c2c00000, 0x00000000c2c00000| Untracked 
|  45|0x00000000c2d00000, 0x00000000c2d00000, 0x00000000c2e00000|  0%| F|  |TAMS 0x00000000c2d00000, 0x00000000c2d00000| Untracked 
|  46|0x00000000c2e00000, 0x00000000c2e00000, 0x00000000c2f00000|  0%| F|  |TAMS 0x00000000c2e00000, 0x00000000c2e00000| Untracked 
|  47|0x00000000c2f00000, 0x00000000c2f00000, 0x00000000c3000000|  0%| F|  |TAMS 0x00000000c2f00000, 0x00000000c2f00000| Untracked 
|  48|0x00000000c3000000, 0x00000000c3000000, 0x00000000c3100000|  0%| F|  |TAMS 0x00000000c3000000, 0x00000000c3000000| Untracked 
|  49|0x00000000c3100000, 0x00000000c3100000, 0x00000000c3200000|  0%| F|  |TAMS 0x00000000c3100000, 0x00000000c3100000| Untracked 
|  50|0x00000000c3200000, 0x00000000c3200000, 0x00000000c3300000|  0%| F|  |TAMS 0x00000000c3200000, 0x00000000c3200000| Untracked 
|  51|0x00000000c3300000, 0x00000000c3300000, 0x00000000c3400000|  0%| F|  |TAMS 0x00000000c3300000, 0x00000000c3300000| Untracked 
|  52|0x00000000c3400000, 0x00000000c3400000, 0x00000000c3500000|  0%| F|  |TAMS 0x00000000c3400000, 0x00000000c3400000| Untracked 
|  53|0x00000000c3500000, 0x00000000c3500000, 0x00000000c3600000|  0%| F|  |TAMS 0x00000000c3500000, 0x00000000c3500000| Untracked 
|  54|0x00000000c3600000, 0x00000000c3600000, 0x00000000c3700000|  0%| F|  |TAMS 0x00000000c3600000, 0x00000000c3600000| Untracked 
|  55|0x00000000c3700000, 0x00000000c3700000, 0x00000000c3800000|  0%| F|  |TAMS 0x00000000c3700000, 0x00000000c3700000| Untracked 
|  56|0x00000000c3800000, 0x00000000c3800000, 0x00000000c3900000|  0%| F|  |TAMS 0x00000000c3800000, 0x00000000c3800000| Untracked 
|  57|0x00000000c3900000, 0x00000000c3900000, 0x00000000c3a00000|  0%| F|  |TAMS 0x00000000c3900000, 0x00000000c3900000| Untracked 
|  58|0x00000000c3a00000, 0x00000000c3a00000, 0x00000000c3b00000|  0%| F|  |TAMS 0x00000000c3a00000, 0x00000000c3a00000| Untracked 
|  59|0x00000000c3b00000, 0x00000000c3b00000, 0x00000000c3c00000|  0%| F|  |TAMS 0x00000000c3b00000, 0x00000000c3b00000| Untracked 
|  60|0x00000000c3c00000, 0x00000000c3c00000, 0x00000000c3d00000|  0%| F|  |TAMS 0x00000000c3c00000, 0x00000000c3c00000| Untracked 
|  61|0x00000000c3d00000, 0x00000000c3d00000, 0x00000000c3e00000|  0%| F|  |TAMS 0x00000000c3d00000, 0x00000000c3d00000| Untracked 
|  62|0x00000000c3e00000, 0x00000000c3e00000, 0x00000000c3f00000|  0%| F|  |TAMS 0x00000000c3e00000, 0x00000000c3e00000| Untracked 
|  63|0x00000000c3f00000, 0x00000000c3f00000, 0x00000000c4000000|  0%| F|  |TAMS 0x00000000c3f00000, 0x00000000c3f00000| Untracked 
|  64|0x00000000c4000000, 0x00000000c4000000, 0x00000000c4100000|  0%| F|  |TAMS 0x00000000c4000000, 0x00000000c4000000| Untracked 
|  65|0x00000000c4100000, 0x00000000c4100000, 0x00000000c4200000|  0%| F|  |TAMS 0x00000000c4100000, 0x00000000c4100000| Untracked 
|  66|0x00000000c4200000, 0x00000000c4200000, 0x00000000c4300000|  0%| F|  |TAMS 0x00000000c4200000, 0x00000000c4200000| Untracked 
|  67|0x00000000c4300000, 0x00000000c4300000, 0x00000000c4400000|  0%| F|  |TAMS 0x00000000c4300000, 0x00000000c4300000| Untracked 
|  68|0x00000000c4400000, 0x00000000c4400000, 0x00000000c4500000|  0%| F|  |TAMS 0x00000000c4400000, 0x00000000c4400000| Untracked 
|  69|0x00000000c4500000, 0x00000000c4500000, 0x00000000c4600000|  0%| F|  |TAMS 0x00000000c4500000, 0x00000000c4500000| Untracked 
|  70|0x00000000c4600000, 0x00000000c4600000, 0x00000000c4700000|  0%| F|  |TAMS 0x00000000c4600000, 0x00000000c4600000| Untracked 
|  71|0x00000000c4700000, 0x00000000c4700000, 0x00000000c4800000|  0%| F|  |TAMS 0x00000000c4700000, 0x00000000c4700000| Untracked 
|  72|0x00000000c4800000, 0x00000000c4800000, 0x00000000c4900000|  0%| F|  |TAMS 0x00000000c4800000, 0x00000000c4800000| Untracked 
|  73|0x00000000c4900000, 0x00000000c4900000, 0x00000000c4a00000|  0%| F|  |TAMS 0x00000000c4900000, 0x00000000c4900000| Untracked 
|  74|0x00000000c4a00000, 0x00000000c4a00000, 0x00000000c4b00000|  0%| F|  |TAMS 0x00000000c4a00000, 0x00000000c4a00000| Untracked 
|  75|0x00000000c4b00000, 0x00000000c4b00000, 0x00000000c4c00000|  0%| F|  |TAMS 0x00000000c4b00000, 0x00000000c4b00000| Untracked 
|  76|0x00000000c4c00000, 0x00000000c4c00000, 0x00000000c4d00000|  0%| F|  |TAMS 0x00000000c4c00000, 0x00000000c4c00000| Untracked 
|  77|0x00000000c4d00000, 0x00000000c4d00000, 0x00000000c4e00000|  0%| F|  |TAMS 0x00000000c4d00000, 0x00000000c4d00000| Untracked 
|  78|0x00000000c4e00000, 0x00000000c4e00000, 0x00000000c4f00000|  0%| F|  |TAMS 0x00000000c4e00000, 0x00000000c4e00000| Untracked 
|  79|0x00000000c4f00000, 0x00000000c4f00000, 0x00000000c5000000|  0%| F|  |TAMS 0x00000000c4f00000, 0x00000000c4f00000| Untracked 
|  80|0x00000000c5000000, 0x00000000c5000000, 0x00000000c5100000|  0%| F|  |TAMS 0x00000000c5000000, 0x00000000c5000000| Untracked 
|  81|0x00000000c5100000, 0x00000000c5100000, 0x00000000c5200000|  0%| F|  |TAMS 0x00000000c5100000, 0x00000000c5100000| Untracked 
|  82|0x00000000c5200000, 0x00000000c5200000, 0x00000000c5300000|  0%| F|  |TAMS 0x00000000c5200000, 0x00000000c5200000| Untracked 
|  83|0x00000000c5300000, 0x00000000c5300000, 0x00000000c5400000|  0%| F|  |TAMS 0x00000000c5300000, 0x00000000c5300000| Untracked 
|  84|0x00000000c5400000, 0x00000000c5400000, 0x00000000c5500000|  0%| F|  |TAMS 0x00000000c5400000, 0x00000000c5400000| Untracked 
|  85|0x00000000c5500000, 0x00000000c5500000, 0x00000000c5600000|  0%| F|  |TAMS 0x00000000c5500000, 0x00000000c5500000| Untracked 
|  86|0x00000000c5600000, 0x00000000c5600000, 0x00000000c5700000|  0%| F|  |TAMS 0x00000000c5600000, 0x00000000c5600000| Untracked 
|  87|0x00000000c5700000, 0x00000000c5700000, 0x00000000c5800000|  0%| F|  |TAMS 0x00000000c5700000, 0x00000000c5700000| Untracked 
|  88|0x00000000c5800000, 0x00000000c5800000, 0x00000000c5900000|  0%| F|  |TAMS 0x00000000c5800000, 0x00000000c5800000| Untracked 
|  89|0x00000000c5900000, 0x00000000c5900000, 0x00000000c5a00000|  0%| F|  |TAMS 0x00000000c5900000, 0x00000000c5900000| Untracked 
|  90|0x00000000c5a00000, 0x00000000c5a00000, 0x00000000c5b00000|  0%| F|  |TAMS 0x00000000c5a00000, 0x00000000c5a00000| Untracked 
|  91|0x00000000c5b00000, 0x00000000c5b00000, 0x00000000c5c00000|  0%| F|  |TAMS 0x00000000c5b00000, 0x00000000c5b00000| Untracked 
|  92|0x00000000c5c00000, 0x00000000c5c00000, 0x00000000c5d00000|  0%| F|  |TAMS 0x00000000c5c00000, 0x00000000c5c00000| Untracked 
|  93|0x00000000c5d00000, 0x00000000c5d00000, 0x00000000c5e00000|  0%| F|  |TAMS 0x00000000c5d00000, 0x00000000c5d00000| Untracked 
| 127|0x00000000c7f00000, 0x00000000c7f44478, 0x00000000c8000000| 26%| E|  |TAMS 0x00000000c7f00000, 0x00000000c7f00000| Complete 

Card table byte_map: [0x0000025045330000,0x0000025045530000] _byte_map_base: 0x0000025044d30000

Marking Bits (Prev, Next): (CMBitMap*) 0x000002503f6d7de0, (CMBitMap*) 0x000002503f6d7e20
 Prev Bits: [0x0000025045730000, 0x0000025046730000)
 Next Bits: [0x0000025046730000, 0x0000025047730000)

Polling page: 0x000002503d530000

Metaspace:

Usage:
  Non-class:     49.11 MB used.
      Class:      6.92 MB used.
       Both:     56.03 MB used.

Virtual space:
  Non-class space:       64.00 MB reserved,      49.56 MB ( 77%) committed,  1 nodes.
      Class space:        1.00 GB reserved,       7.19 MB ( <1%) committed,  1 nodes.
             Both:        1.06 GB reserved,      56.75 MB (  5%) committed. 

Chunk freelists:
   Non-Class:  13.94 MB
       Class:  8.83 MB
        Both:  22.77 MB

MaxMetaspaceSize: unlimited
CompressedClassSpaceSize: 1.00 GB
Initial GC threshold: 21.00 MB
Current GC threshold: 94.50 MB
CDS: off
MetaspaceReclaimPolicy: balanced
 - commit_granule_bytes: 65536.
 - commit_granule_words: 8192.
 - virtual_space_node_default_size: 8388608.
 - enlarge_chunks_in_place: 1.
 - new_chunks_are_fully_committed: 0.
 - uncommit_free_chunks: 1.
 - use_allocation_guard: 0.
 - handle_deallocations: 1.


Internal statistics:

num_allocs_failed_limit: 6.
num_arena_births: 608.
num_arena_deaths: 216.
num_vsnodes_births: 2.
num_vsnodes_deaths: 0.
num_space_committed: 908.
num_space_uncommitted: 0.
num_chunks_returned_to_freelist: 256.
num_chunks_taken_from_freelist: 2350.
num_chunk_merges: 85.
num_chunk_splits: 1673.
num_chunks_enlarged: 1304.
num_inconsistent_stats: 0.

CodeCache: size=49152Kb used=10074Kb max_used=11025Kb free=39077Kb
 bounds [0x0000025042330000, 0x0000025042e70000, 0x0000025045330000]
 total_blobs=6109 nmethods=5449 adapters=587
 compilation: enabled
              stopped_count=0, restarted_count=0
 full_count=0

Compilation events (20 events):
Event: 55588.202 Thread 0x0000025049c55510 5438       1       java.lang.invoke.Invokers$Holder::linkToTargetMethod (9 bytes)
Event: 55588.202 Thread 0x0000025049c55510 nmethod 5438 0x000002504256fc10 code [0x000002504256fdc0, 0x000002504256fed8]
Event: 55588.202 Thread 0x0000025049c55510 5435       1       java.lang.ProcessEnvironment::toEnvironmentBlock (16 bytes)
Event: 55588.203 Thread 0x0000025049c55510 nmethod 5435 0x000002504256f890 code [0x000002504256fa20, 0x000002504256fb48]
Event: 55588.203 Thread 0x0000025049c55510 5436   !   1       java.lang.ProcessImpl::<init> (327 bytes)
Event: 55588.215 Thread 0x0000025049c55510 nmethod 5436 0x000002504256d110 code [0x000002504256d560, 0x000002504256e918]
Event: 55588.215 Thread 0x0000025049c55510 5437       1       java.lang.Process::<init> (5 bytes)
Event: 55588.216 Thread 0x0000025049c55510 nmethod 5437 0x000002504256ce10 code [0x000002504256cfa0, 0x000002504256d058]
Event: 55588.314 Thread 0x0000025049c55510 5439   !   1       java.io.FilterOutputStream::close (183 bytes)
Event: 55588.340 Thread 0x0000025049c55510 nmethod 5439 0x000002504256bc90 code [0x000002504256bea0, 0x000002504256c378]
Event: 55588.340 Thread 0x0000025049c55510 5441       1       java.lang.ProcessImpl$$Lambda$990/0x00000001006d5468::run (8 bytes)
Event: 55588.340 Thread 0x0000025049c55510 nmethod 5441 0x000002504256b990 code [0x000002504256bb20, 0x000002504256bc08]
Event: 55588.340 Thread 0x0000025049c55510 5442       1       java.lang.ProcessImpl::lambda$new$0 (6 bytes)
Event: 55588.340 Thread 0x0000025049c55510 nmethod 5442 0x000002504256b690 code [0x000002504256b820, 0x000002504256b8e8]
Event: 56891.537 Thread 0x0000025049c55510 5446       1       java.lang.ProcessImpl$2::run (242 bytes)
Event: 56891.544 Thread 0x0000025049c55510 nmethod 5446 0x0000025042569290 code [0x0000025042569540, 0x000002504256a2d8]
Event: 56891.544 Thread 0x0000025049c55510 5447       1       java.io.BufferedOutputStream::<init> (9 bytes)
Event: 56891.546 Thread 0x0000025049c55510 nmethod 5447 0x0000025042568d10 code [0x0000025042568ea0, 0x0000025042569178]
Event: 56891.546 Thread 0x0000025049c55510 5448       1       java.lang.ProcessImpl::waitFor (136 bytes)
Event: 56891.549 Thread 0x0000025049c55510 nmethod 5448 0x0000025042568490 code [0x00000250425686a0, 0x0000025042568ab8]

GC Heap History (20 events):
Event: 80713.304 GC heap before
{Heap before GC invocations=1509 (full 1487):
 garbage-first heap   total 97280K, used 29053K [0x00000000c0000000, 0x0000000100000000)
  region size 1024K, 1 young (1024K), 0 survivors (0K)
 Metaspace       used 57375K, committed 58112K, reserved 1114112K
  class space    used 7087K, committed 7360K, reserved 1048576K
}
Event: 80713.353 GC heap after
{Heap after GC invocations=1510 (full 1488):
 garbage-first heap   total 97280K, used 29053K [0x00000000c0000000, 0x0000000100000000)
  region size 1024K, 0 young (0K), 0 survivors (0K)
 Metaspace       used 57375K, committed 58112K, reserved 1114112K
  class space    used 7087K, committed 7360K, reserved 1048576K
}
Event: 80723.539 GC heap before
{Heap before GC invocations=1510 (full 1488):
 garbage-first heap   total 97280K, used 29053K [0x00000000c0000000, 0x0000000100000000)
  region size 1024K, 1 young (1024K), 0 survivors (0K)
 Metaspace       used 57375K, committed 58112K, reserved 1114112K
  class space    used 7087K, committed 7360K, reserved 1048576K
}
Event: 80723.566 GC heap after
{Heap after GC invocations=1511 (full 1489):
 garbage-first heap   total 97280K, used 29053K [0x00000000c0000000, 0x0000000100000000)
  region size 1024K, 0 young (0K), 0 survivors (0K)
 Metaspace       used 57375K, committed 58112K, reserved 1114112K
  class space    used 7087K, committed 7360K, reserved 1048576K
}
Event: 80733.708 GC heap before
{Heap before GC invocations=1511 (full 1489):
 garbage-first heap   total 97280K, used 29053K [0x00000000c0000000, 0x0000000100000000)
  region size 1024K, 1 young (1024K), 0 survivors (0K)
 Metaspace       used 57375K, committed 58112K, reserved 1114112K
  class space    used 7087K, committed 7360K, reserved 1048576K
}
Event: 80733.740 GC heap after
{Heap after GC invocations=1512 (full 1490):
 garbage-first heap   total 97280K, used 29053K [0x00000000c0000000, 0x0000000100000000)
  region size 1024K, 0 young (0K), 0 survivors (0K)
 Metaspace       used 57375K, committed 58112K, reserved 1114112K
  class space    used 7087K, committed 7360K, reserved 1048576K
}
Event: 80743.888 GC heap before
{Heap before GC invocations=1512 (full 1490):
 garbage-first heap   total 97280K, used 29053K [0x00000000c0000000, 0x0000000100000000)
  region size 1024K, 1 young (1024K), 0 survivors (0K)
 Metaspace       used 57375K, committed 58112K, reserved 1114112K
  class space    used 7087K, committed 7360K, reserved 1048576K
}
Event: 80743.928 GC heap after
{Heap after GC invocations=1513 (full 1491):
 garbage-first heap   total 97280K, used 29053K [0x00000000c0000000, 0x0000000100000000)
  region size 1024K, 0 young (0K), 0 survivors (0K)
 Metaspace       used 57375K, committed 58112K, reserved 1114112K
  class space    used 7087K, committed 7360K, reserved 1048576K
}
Event: 80754.048 GC heap before
{Heap before GC invocations=1513 (full 1491):
 garbage-first heap   total 97280K, used 29053K [0x00000000c0000000, 0x0000000100000000)
  region size 1024K, 1 young (1024K), 0 survivors (0K)
 Metaspace       used 57375K, committed 58112K, reserved 1114112K
  class space    used 7087K, committed 7360K, reserved 1048576K
}
Event: 80754.078 GC heap after
{Heap after GC invocations=1514 (full 1492):
 garbage-first heap   total 97280K, used 29053K [0x00000000c0000000, 0x0000000100000000)
  region size 1024K, 0 young (0K), 0 survivors (0K)
 Metaspace       used 57375K, committed 58112K, reserved 1114112K
  class space    used 7087K, committed 7360K, reserved 1048576K
}
Event: 80764.350 GC heap before
{Heap before GC invocations=1514 (full 1492):
 garbage-first heap   total 97280K, used 29053K [0x00000000c0000000, 0x0000000100000000)
  region size 1024K, 1 young (1024K), 0 survivors (0K)
 Metaspace       used 57375K, committed 58112K, reserved 1114112K
  class space    used 7087K, committed 7360K, reserved 1048576K
}
Event: 80764.408 GC heap after
{Heap after GC invocations=1515 (full 1493):
 garbage-first heap   total 97280K, used 29053K [0x00000000c0000000, 0x0000000100000000)
  region size 1024K, 0 young (0K), 0 survivors (0K)
 Metaspace       used 57375K, committed 58112K, reserved 1114112K
  class space    used 7087K, committed 7360K, reserved 1048576K
}
Event: 80774.572 GC heap before
{Heap before GC invocations=1515 (full 1493):
 garbage-first heap   total 97280K, used 29053K [0x00000000c0000000, 0x0000000100000000)
  region size 1024K, 1 young (1024K), 0 survivors (0K)
 Metaspace       used 57375K, committed 58112K, reserved 1114112K
  class space    used 7087K, committed 7360K, reserved 1048576K
}
Event: 80774.622 GC heap after
{Heap after GC invocations=1516 (full 1494):
 garbage-first heap   total 97280K, used 29053K [0x00000000c0000000, 0x0000000100000000)
  region size 1024K, 0 young (0K), 0 survivors (0K)
 Metaspace       used 57375K, committed 58112K, reserved 1114112K
  class space    used 7087K, committed 7360K, reserved 1048576K
}
Event: 80784.928 GC heap before
{Heap before GC invocations=1516 (full 1494):
 garbage-first heap   total 97280K, used 29053K [0x00000000c0000000, 0x0000000100000000)
  region size 1024K, 1 young (1024K), 0 survivors (0K)
 Metaspace       used 57375K, committed 58112K, reserved 1114112K
  class space    used 7087K, committed 7360K, reserved 1048576K
}
Event: 80784.970 GC heap after
{Heap after GC invocations=1517 (full 1495):
 garbage-first heap   total 97280K, used 29053K [0x00000000c0000000, 0x0000000100000000)
  region size 1024K, 0 young (0K), 0 survivors (0K)
 Metaspace       used 57375K, committed 58112K, reserved 1114112K
  class space    used 7087K, committed 7360K, reserved 1048576K
}
Event: 80795.234 GC heap before
{Heap before GC invocations=1517 (full 1495):
 garbage-first heap   total 97280K, used 29053K [0x00000000c0000000, 0x0000000100000000)
  region size 1024K, 1 young (1024K), 0 survivors (0K)
 Metaspace       used 57375K, committed 58112K, reserved 1114112K
  class space    used 7087K, committed 7360K, reserved 1048576K
}
Event: 80795.298 GC heap after
{Heap after GC invocations=1518 (full 1496):
 garbage-first heap   total 97280K, used 29053K [0x00000000c0000000, 0x0000000100000000)
  region size 1024K, 0 young (0K), 0 survivors (0K)
 Metaspace       used 57375K, committed 58112K, reserved 1114112K
  class space    used 7087K, committed 7360K, reserved 1048576K
}
Event: 80805.550 GC heap before
{Heap before GC invocations=1518 (full 1496):
 garbage-first heap   total 97280K, used 29053K [0x00000000c0000000, 0x0000000100000000)
  region size 1024K, 1 young (1024K), 0 survivors (0K)
 Metaspace       used 57375K, committed 58112K, reserved 1114112K
  class space    used 7087K, committed 7360K, reserved 1048576K
}
Event: 80805.617 GC heap after
{Heap after GC invocations=1519 (full 1497):
 garbage-first heap   total 97280K, used 29053K [0x00000000c0000000, 0x0000000100000000)
  region size 1024K, 0 young (0K), 0 survivors (0K)
 Metaspace       used 57375K, committed 58112K, reserved 1114112K
  class space    used 7087K, committed 7360K, reserved 1048576K
}

Dll operation events (10 events):
Event: 0.008 Loaded shared library c:\Users\User\.vscode\extensions\redhat.java-1.29.0-win32-x64\jre\17.0.10-win32-x86_64\bin\java.dll
Event: 0.252 Loaded shared library C:\Users\User\.vscode\extensions\redhat.java-1.29.0-win32-x64\jre\17.0.10-win32-x86_64\bin\net.dll
Event: 0.254 Loaded shared library C:\Users\User\.vscode\extensions\redhat.java-1.29.0-win32-x64\jre\17.0.10-win32-x86_64\bin\nio.dll
Event: 0.596 Loaded shared library C:\Users\User\.vscode\extensions\redhat.java-1.29.0-win32-x64\jre\17.0.10-win32-x86_64\bin\zip.dll
Event: 13.487 Loaded shared library C:\Users\User\.vscode\extensions\redhat.java-1.29.0-win32-x64\jre\17.0.10-win32-x86_64\bin\jimage.dll
Event: 19.049 Loaded shared library c:\Users\User\.vscode\extensions\redhat.java-1.29.0-win32-x64\jre\17.0.10-win32-x86_64\bin\verify.dll
Event: 24.336 Loaded shared library C:\Users\User\.vscode\extensions\redhat.java-1.29.0-win32-x64\jre\17.0.10-win32-x86_64\bin\management.dll
Event: 24.342 Loaded shared library C:\Users\User\.vscode\extensions\redhat.java-1.29.0-win32-x64\jre\17.0.10-win32-x86_64\bin\management_ext.dll
Event: 25.621 Loaded shared library C:\Users\User\.vscode\extensions\redhat.java-1.29.0-win32-x64\jre\17.0.10-win32-x86_64\bin\sunmscapi.dll
Event: 25.884 Loaded shared library C:\Users\User\.vscode\extensions\redhat.java-1.29.0-win32-x64\jre\17.0.10-win32-x86_64\bin\extnet.dll

Deoptimization events (6 events):
Event: 24.879 Thread 0x000002504f7d70a0 DEOPT PACKING pc=0x000002504287a401 sp=0x00000065d2afdeb0
Event: 24.879 Thread 0x000002504f7d70a0 DEOPT UNPACKING pc=0x0000025042387143 sp=0x00000065d2afd340 mode 3
Event: 24.909 Thread 0x000002504f7d70a0 DEOPT PACKING pc=0x0000025042859817 sp=0x00000065d2aff1e0
Event: 24.909 Thread 0x000002504f7d70a0 DEOPT UNPACKING pc=0x0000025042387143 sp=0x00000065d2afe638 mode 3
Event: 25.679 Thread 0x000002504f7d4010 DEOPT PACKING pc=0x00000250424a9a0c sp=0x00000065d32fac60
Event: 25.679 Thread 0x000002504f7d4010 DEOPT UNPACKING pc=0x0000025042387143 sp=0x00000065d32fa128 mode 0

Classes unloaded (20 events):
Event: 105.328 Thread 0x0000025049c089a0 Unloading class 0x00000001003a9000 'java/lang/invoke/LambdaForm$MH+0x00000001003a9000'
Event: 105.328 Thread 0x0000025049c089a0 Unloading class 0x0000000100096000 'java/lang/invoke/LambdaForm$MH+0x0000000100096000'
Event: 105.328 Thread 0x0000025049c089a0 Unloading class 0x0000000100095c00 'java/lang/invoke/LambdaForm$MH+0x0000000100095c00'
Event: 105.328 Thread 0x0000025049c089a0 Unloading class 0x0000000100095800 'java/lang/invoke/LambdaForm$MH+0x0000000100095800'
Event: 105.328 Thread 0x0000025049c089a0 Unloading class 0x0000000100095400 'java/lang/invoke/LambdaForm$MH+0x0000000100095400'
Event: 105.328 Thread 0x0000025049c089a0 Unloading class 0x0000000100095000 'java/lang/invoke/LambdaForm$MH+0x0000000100095000'
Event: 105.328 Thread 0x0000025049c089a0 Unloading class 0x0000000100094c00 'java/lang/invoke/LambdaForm$MH+0x0000000100094c00'
Event: 105.328 Thread 0x0000025049c089a0 Unloading class 0x0000000100094800 'java/lang/invoke/LambdaForm$MH+0x0000000100094800'
Event: 105.328 Thread 0x0000025049c089a0 Unloading class 0x0000000100094400 'java/lang/invoke/LambdaForm$MH+0x0000000100094400'
Event: 105.328 Thread 0x0000025049c089a0 Unloading class 0x000000010008e800 'java/lang/invoke/LambdaForm$MH+0x000000010008e800'
Event: 105.328 Thread 0x0000025049c089a0 Unloading class 0x000000010008e400 'java/lang/invoke/LambdaForm$MH+0x000000010008e400'
Event: 105.328 Thread 0x0000025049c089a0 Unloading class 0x000000010008e000 'java/lang/invoke/LambdaForm$MH+0x000000010008e000'
Event: 105.328 Thread 0x0000025049c089a0 Unloading class 0x000000010008dc00 'java/lang/invoke/LambdaForm$MH+0x000000010008dc00'
Event: 105.328 Thread 0x0000025049c089a0 Unloading class 0x000000010008d800 'java/lang/invoke/LambdaForm$MH+0x000000010008d800'
Event: 105.328 Thread 0x0000025049c089a0 Unloading class 0x000000010008d400 'java/lang/invoke/LambdaForm$MH+0x000000010008d400'
Event: 105.328 Thread 0x0000025049c089a0 Unloading class 0x000000010008cc00 'java/lang/invoke/LambdaForm$MH+0x000000010008cc00'
Event: 105.328 Thread 0x0000025049c089a0 Unloading class 0x000000010008c800 'java/lang/invoke/LambdaForm$MH+0x000000010008c800'
Event: 105.328 Thread 0x0000025049c089a0 Unloading class 0x000000010008c000 'java/lang/invoke/LambdaForm$MH+0x000000010008c000'
Event: 105.328 Thread 0x0000025049c089a0 Unloading class 0x000000010008bc00 'java/lang/invoke/LambdaForm$MH+0x000000010008bc00'
Event: 105.328 Thread 0x0000025049c089a0 Unloading class 0x0000000100088400 'java/lang/invoke/LambdaForm$MH+0x0000000100088400'

Classes redefined (0 events):
No events

Internal exceptions (20 events):
Event: 26.474 Thread 0x000002504f7d6890 Exception <a 'sun/nio/fs/WindowsException'{0x00000000c3e3d3a0}> (0x00000000c3e3d3a0) 
thrown [s\src\hotspot\share\prims\jni.cpp, line 516]
Event: 26.474 Thread 0x000002504f7d6890 Exception <a 'sun/nio/fs/WindowsException'{0x00000000c3e3de40}> (0x00000000c3e3de40) 
thrown [s\src\hotspot\share\prims\jni.cpp, line 516]
Event: 26.474 Thread 0x000002504f7d6890 Exception <a 'sun/nio/fs/WindowsException'{0x00000000c3e3e8a0}> (0x00000000c3e3e8a0) 
thrown [s\src\hotspot\share\prims\jni.cpp, line 516]
Event: 26.474 Thread 0x000002504f7d6890 Exception <a 'sun/nio/fs/WindowsException'{0x00000000c3e3f340}> (0x00000000c3e3f340) 
thrown [s\src\hotspot\share\prims\jni.cpp, line 516]
Event: 26.475 Thread 0x000002504f7d6890 Exception <a 'sun/nio/fs/WindowsException'{0x00000000c3e3fea8}> (0x00000000c3e3fea8) 
thrown [s\src\hotspot\share\prims\jni.cpp, line 516]
Event: 26.475 Thread 0x000002504f7d6890 Exception <a 'sun/nio/fs/WindowsException'{0x00000000c3e40ab0}> (0x00000000c3e40ab0) 
thrown [s\src\hotspot\share\prims\jni.cpp, line 516]
Event: 26.476 Thread 0x000002504f7d6890 Exception <a 'sun/nio/fs/WindowsException'{0x00000000c3e47ca0}> (0x00000000c3e47ca0) 
thrown [s\src\hotspot\share\prims\jni.cpp, line 516]
Event: 26.476 Thread 0x000002504f7d6890 Exception <a 'sun/nio/fs/WindowsException'{0x00000000c3e48740}> (0x00000000c3e48740) 
thrown [s\src\hotspot\share\prims\jni.cpp, line 516]
Event: 26.476 Thread 0x000002504f7d6890 Exception <a 'sun/nio/fs/WindowsException'{0x00000000c3e491a0}> (0x00000000c3e491a0) 
thrown [s\src\hotspot\share\prims\jni.cpp, line 516]
Event: 26.476 Thread 0x000002504f7d6890 Exception <a 'sun/nio/fs/WindowsException'{0x00000000c3e49c40}> (0x00000000c3e49c40) 
thrown [s\src\hotspot\share\prims\jni.cpp, line 516]
Event: 26.476 Thread 0x000002504f7d6890 Exception <a 'sun/nio/fs/WindowsException'{0x00000000c3e4a7a8}> (0x00000000c3e4a7a8) 
thrown [s\src\hotspot\share\prims\jni.cpp, line 516]
Event: 26.477 Thread 0x000002504f7d6890 Exception <a 'sun/nio/fs/WindowsException'{0x00000000c3e4b3b0}> (0x00000000c3e4b3b0) 
thrown [s\src\hotspot\share\prims\jni.cpp, line 516]
Event: 64.334 Thread 0x000002504f5b7160 Exception <a 'java/lang/NoSuchMethodError'{0x00000000c594e1d8}: 'void java.lang.invoke.DirectMethodHandle$Holder.invokeStatic(java.lang.Object, long)'> (0x00000000c594e1d8) 
thrown [s\src\hotspot\share\interpreter\linkResolver.cpp, line 759]
Event: 64.334 Thread 0x000002504f5b7160 Exception <a 'java/lang/NoSuchMethodError'{0x00000000c5953580}: 'java.lang.Object java.lang.invoke.DirectMethodHandle$Holder.newInvokeSpecial(java.lang.Object, long)'> (0x00000000c5953580) 
thrown [s\src\hotspot\share\interpreter\linkResolver.cpp, line 759]
Event: 10953.961 Thread 0x000002504f7d5960 Exception <a 'sun/net/ConnectionResetException'{0x00000000c7f21558}: Connection reset> (0x00000000c7f21558) 
thrown [s\src\hotspot\share\prims\jni.cpp, line 535]
Event: 10953.961 Thread 0x000002504f7d4520 Exception <a 'sun/net/ConnectionResetException'{0x00000000c7f34220}: Connection reset> (0x00000000c7f34220) 
thrown [s\src\hotspot\share\prims\jni.cpp, line 535]
Event: 10953.962 Thread 0x000002504f7d5450 Exception <a 'sun/net/ConnectionResetException'{0x00000000c7f44c70}: Connection reset> (0x00000000c7f44c70) 
thrown [s\src\hotspot\share\prims\jni.cpp, line 535]
Event: 10953.963 Thread 0x000002504f7d5960 Exception <a 'java/io/IOException'{0x00000000c7f24e40}: Connection reset by peer> (0x00000000c7f24e40) 
thrown [s\src\hotspot\share\prims\jni.cpp, line 535]
Event: 10953.964 Thread 0x000002504f7d5450 Exception <a 'java/io/IOException'{0x00000000c7f46b20}: Connection reset by peer> (0x00000000c7f46b20) 
thrown [s\src\hotspot\share\prims\jni.cpp, line 535]
Event: 10953.965 Thread 0x000002504f7d4520 Exception <a 'java/io/IOException'{0x00000000c7f360d0}: Connection reset by peer> (0x00000000c7f360d0) 
thrown [s\src\hotspot\share\prims\jni.cpp, line 535]

VM Operations (20 events):
Event: 80713.353 Executing VM operation: G1CollectFull done
Event: 80723.539 Executing VM operation: G1CollectFull
Event: 80723.566 Executing VM operation: G1CollectFull done
Event: 80733.708 Executing VM operation: G1CollectFull
Event: 80733.740 Executing VM operation: G1CollectFull done
Event: 80743.888 Executing VM operation: G1CollectFull
Event: 80743.928 Executing VM operation: G1CollectFull done
Event: 80754.048 Executing VM operation: G1CollectFull
Event: 80754.078 Executing VM operation: G1CollectFull done
Event: 80764.350 Executing VM operation: G1CollectFull
Event: 80764.409 Executing VM operation: G1CollectFull done
Event: 80774.572 Executing VM operation: G1CollectFull
Event: 80774.623 Executing VM operation: G1CollectFull done
Event: 80784.928 Executing VM operation: G1CollectFull
Event: 80784.970 Executing VM operation: G1CollectFull done
Event: 80795.234 Executing VM operation: G1CollectFull
Event: 80795.298 Executing VM operation: G1CollectFull done
Event: 80805.549 Executing VM operation: G1CollectFull
Event: 80805.618 Executing VM operation: G1CollectFull done
Event: 80815.921 Executing VM operation: G1CollectFull

Events (20 events):
Event: 10953.964 loading class sun/nio/ch/SocketOptionRegistry$LazyInitialization
Event: 10953.965 loading class sun/nio/ch/SocketOptionRegistry$LazyInitialization done
Event: 10953.965 loading class sun/nio/ch/OptionKey
Event: 10953.965 loading class sun/nio/ch/OptionKey done
Event: 10953.965 loading class sun/nio/ch/ExtendedSocketOption
Event: 10953.965 loading class sun/nio/ch/ExtendedSocketOption done
Event: 10953.965 loading class sun/nio/ch/ExtendedSocketOption$1
Event: 10953.965 loading class sun/nio/ch/ExtendedSocketOption$1 done
Event: 10953.966 Thread 0x000002504f7d5e70 Thread added: 0x000002504f7d5e70
Event: 10953.966 Thread 0x000002504f7d3b00 Thread added: 0x000002504f7d3b00
Event: 10954.755 Thread 0x000002504f186960 Thread added: 0x000002504f186960
Event: 10954.755 Thread 0x000002504f184430 Thread added: 0x000002504f184430
Event: 53079.638 Thread 0x000002504f184430 Thread exited: 0x000002504f184430
Event: 53084.637 Thread 0x000002504f186960 Thread exited: 0x000002504f186960
Event: 53133.842 Thread 0x000002504f7d4520 Thread exited: 0x000002504f7d4520
Event: 53133.842 Thread 0x000002504f7d5960 Thread exited: 0x000002504f7d5960
Event: 53133.842 Thread 0x000002504f7d5450 Thread exited: 0x000002504f7d5450
Event: 53133.976 Thread 0x000002504f7d5e70 Thread exited: 0x000002504f7d5e70
Event: 53134.051 Thread 0x000002504f7d3b00 Thread exited: 0x000002504f7d3b00
Event: 53307.067 Thread 0x000002504f7d6380 Thread exited: 0x000002504f7d6380


Dynamic libraries:
0x00007ff7425c0000 - 0x00007ff7425ce000 	c:\Users\User\.vscode\extensions\redhat.java-1.29.0-win32-x64\jre\17.0.10-win32-x86_64\bin\java.exe
0x00007fff32590000 - 0x00007fff32788000 	C:\Windows\SYSTEM32\ntdll.dll
0x00007fff312c0000 - 0x00007fff3137d000 	C:\Windows\System32\KERNEL32.DLL
0x00007fff2fc90000 - 0x00007fff2ff86000 	C:\Windows\System32\KERNELBASE.dll
0x00007fff300a0000 - 0x00007fff301a0000 	C:\Windows\System32\ucrtbase.dll
0x00007fff26600000 - 0x00007fff26617000 	c:\Users\User\.vscode\extensions\redhat.java-1.29.0-win32-x64\jre\17.0.10-win32-x86_64\bin\jli.dll
0x00007fff24f60000 - 0x00007fff24f7b000 	c:\Users\User\.vscode\extensions\redhat.java-1.29.0-win32-x64\jre\17.0.10-win32-x86_64\bin\VCRUNTIME140.dll
0x00007fff30f40000 - 0x00007fff310df000 	C:\Windows\System32\USER32.dll
0x00007fff30400000 - 0x00007fff30422000 	C:\Windows\System32\win32u.dll
0x00007fff24ca0000 - 0x00007fff24f3a000 	C:\Windows\WinSxS\amd64_microsoft.windows.common-controls_6595b64144ccf1df_6.0.19041.3636_none_60b6a03d71f818d5\COMCTL32.dll
0x00007fff32520000 - 0x00007fff3254b000 	C:\Windows\System32\GDI32.dll
0x00007fff30c20000 - 0x00007fff30cbe000 	C:\Windows\System32\msvcrt.dll
0x00007fff301a0000 - 0x00007fff302b7000 	C:\Windows\System32\gdi32full.dll
0x00007fff30000000 - 0x00007fff3009d000 	C:\Windows\System32\msvcp_win.dll
0x00007fff313f0000 - 0x00007fff31422000 	C:\Windows\System32\IMM32.DLL
0x00007fff27490000 - 0x00007fff2749c000 	c:\Users\User\.vscode\extensions\redhat.java-1.29.0-win32-x64\jre\17.0.10-win32-x86_64\bin\vcruntime140_1.dll
0x00007fff02460000 - 0x00007fff024ed000 	c:\Users\User\.vscode\extensions\redhat.java-1.29.0-win32-x64\jre\17.0.10-win32-x86_64\bin\msvcp140.dll
0x00007ffee31e0000 - 0x00007ffee3e42000 	c:\Users\User\.vscode\extensions\redhat.java-1.29.0-win32-x64\jre\17.0.10-win32-x86_64\bin\server\jvm.dll
0x00007fff30e90000 - 0x00007fff30f40000 	C:\Windows\System32\ADVAPI32.dll
0x00007fff31220000 - 0x00007fff312c0000 	C:\Windows\System32\sechost.dll
0x00007fff305e0000 - 0x00007fff30703000 	C:\Windows\System32\RPCRT4.dll
0x00007fff30430000 - 0x00007fff30457000 	C:\Windows\System32\bcrypt.dll
0x00007fff198b0000 - 0x00007fff198b9000 	C:\Windows\SYSTEM32\WSOCK32.dll
0x00007fff2f170000 - 0x00007fff2f1bb000 	C:\Windows\SYSTEM32\POWRPROF.dll
0x00007fff31380000 - 0x00007fff313eb000 	C:\Windows\System32\WS2_32.dll
0x00007fff293a0000 - 0x00007fff293aa000 	C:\Windows\SYSTEM32\VERSION.dll
0x00007fff10220000 - 0x00007fff10247000 	C:\Windows\SYSTEM32\WINMM.dll
0x00007fff2f040000 - 0x00007fff2f052000 	C:\Windows\SYSTEM32\UMPDC.dll
0x00007fff2dad0000 - 0x00007fff2dae2000 	C:\Windows\SYSTEM32\kernel.appcore.dll
0x00007fff25380000 - 0x00007fff2538a000 	c:\Users\User\.vscode\extensions\redhat.java-1.29.0-win32-x64\jre\17.0.10-win32-x86_64\bin\jimage.dll
0x00007fff27020000 - 0x00007fff27204000 	C:\Windows\SYSTEM32\DBGHELP.DLL
0x00007fff27530000 - 0x00007fff27564000 	C:\Windows\SYSTEM32\dbgcore.DLL
0x00007fff302c0000 - 0x00007fff30342000 	C:\Windows\System32\bcryptPrimitives.dll
0x00007fff19860000 - 0x00007fff19885000 	c:\Users\User\.vscode\extensions\redhat.java-1.29.0-win32-x64\jre\17.0.10-win32-x86_64\bin\java.dll
0x00007fff19840000 - 0x00007fff19858000 	c:\Users\User\.vscode\extensions\redhat.java-1.29.0-win32-x64\jre\17.0.10-win32-x86_64\bin\zip.dll
0x00007fff31d00000 - 0x00007fff3246b000 	C:\Windows\System32\SHELL32.dll
0x00007fff2dcd0000 - 0x00007fff2e46e000 	C:\Windows\SYSTEM32\windows.storage.dll
0x00007fff30840000 - 0x00007fff30b93000 	C:\Windows\System32\combase.dll
0x00007fff2f670000 - 0x00007fff2f69e000 	C:\Windows\SYSTEM32\Wldp.dll
0x00007fff310e0000 - 0x00007fff311ad000 	C:\Windows\System32\OLEAUT32.dll
0x00007fff32470000 - 0x00007fff3251d000 	C:\Windows\System32\SHCORE.dll
0x00007fff30cc0000 - 0x00007fff30d15000 	C:\Windows\System32\shlwapi.dll
0x00007fff2fb70000 - 0x00007fff2fb93000 	C:\Windows\SYSTEM32\profapi.dll
0x00007fff18160000 - 0x00007fff18179000 	C:\Users\User\.vscode\extensions\redhat.java-1.29.0-win32-x64\jre\17.0.10-win32-x86_64\bin\net.dll
0x00007fff25b40000 - 0x00007fff25c4a000 	C:\Windows\SYSTEM32\WINHTTP.dll
0x00007fff2f3d0000 - 0x00007fff2f43a000 	C:\Windows\system32\mswsock.dll
0x00007fff16560000 - 0x00007fff16576000 	C:\Users\User\.vscode\extensions\redhat.java-1.29.0-win32-x64\jre\17.0.10-win32-x86_64\bin\nio.dll
0x00007fff200f0000 - 0x00007fff20100000 	c:\Users\User\.vscode\extensions\redhat.java-1.29.0-win32-x64\jre\17.0.10-win32-x86_64\bin\verify.dll
0x00007fff2f5c0000 - 0x00007fff2f5d8000 	C:\Windows\SYSTEM32\CRYPTSP.dll
0x00007fff2ec80000 - 0x00007fff2ecb4000 	C:\Windows\system32\rsaenh.dll
0x00007fff2faf0000 - 0x00007fff2fb1e000 	C:\Windows\SYSTEM32\USERENV.dll
0x00007fff2f5e0000 - 0x00007fff2f5ec000 	C:\Windows\SYSTEM32\CRYPTBASE.dll
0x00007fff2f060000 - 0x00007fff2f09b000 	C:\Windows\SYSTEM32\IPHLPAPI.DLL
0x00007fff31430000 - 0x00007fff31438000 	C:\Windows\System32\NSI.dll
0x00007fff27850000 - 0x00007fff27867000 	C:\Windows\SYSTEM32\dhcpcsvc6.DLL
0x00007fff27c70000 - 0x00007fff27c8d000 	C:\Windows\SYSTEM32\dhcpcsvc.DLL
0x00007fff2f0a0000 - 0x00007fff2f16b000 	C:\Windows\SYSTEM32\DNSAPI.dll
0x00007fff29f70000 - 0x00007fff29f79000 	C:\Users\User\.vscode\extensions\redhat.java-1.29.0-win32-x64\jre\17.0.10-win32-x86_64\bin\management.dll
0x00007fff29f60000 - 0x00007fff29f6b000 	C:\Users\User\.vscode\extensions\redhat.java-1.29.0-win32-x64\jre\17.0.10-win32-x86_64\bin\management_ext.dll
0x00007fff31cf0000 - 0x00007fff31cf8000 	C:\Windows\System32\PSAPI.DLL
0x00007fff28020000 - 0x00007fff2802e000 	C:\Users\User\.vscode\extensions\redhat.java-1.29.0-win32-x64\jre\17.0.10-win32-x86_64\bin\sunmscapi.dll
0x00007fff30460000 - 0x00007fff305be000 	C:\Windows\System32\CRYPT32.dll
0x00007fff2f6e0000 - 0x00007fff2f708000 	C:\Windows\SYSTEM32\ncrypt.dll
0x00007fff2f6a0000 - 0x00007fff2f6db000 	C:\Windows\SYSTEM32\NTASN1.dll
0x00007fff1fca0000 - 0x00007fff1fcaa000 	C:\Windows\System32\rasadhlp.dll
0x00007fff1fe70000 - 0x00007fff1fef0000 	C:\Windows\System32\fwpuclnt.dll
0x00007fff29e90000 - 0x00007fff29e99000 	C:\Users\User\.vscode\extensions\redhat.java-1.29.0-win32-x64\jre\17.0.10-win32-x86_64\bin\extnet.dll

dbghelp: loaded successfully - version: 4.0.5 - missing functions: none
symbol engine: initialized successfully - sym options: 0x614 - pdb path: .;c:\Users\User\.vscode\extensions\redhat.java-1.29.0-win32-x64\jre\17.0.10-win32-x86_64\bin;C:\Windows\SYSTEM32;C:\Windows\WinSxS\amd64_microsoft.windows.common-controls_6595b64144ccf1df_6.0.19041.3636_none_60b6a03d71f818d5;c:\Users\User\.vscode\extensions\redhat.java-1.29.0-win32-x64\jre\17.0.10-win32-x86_64\bin\server

VM Arguments:
jvm_args: -XX:+HeapDumpOnOutOfMemoryError -Xmx1024m -Dsts.lsp.client=vscode -Dsts.log.file=/dev/null -XX:TieredStopAtLevel=1 -Xlog:jni+resolve=off -Dspring.config.location=file:c:\Users\User\.vscode\extensions\vmware.vscode-spring-boot-1.53.0\language-server\BOOT-INF\classes\application.properties 
java_command: org.springframework.ide.vscode.boot.app.BootLanguageServerBootApp
java_class_path (initial): c:\Users\User\.vscode\extensions\vmware.vscode-spring-boot-1.53.0\language-server\BOOT-INF\classes;c:\Users\User\.vscode\extensions\vmware.vscode-spring-boot-1.53.0\language-server\BOOT-INF\lib\annotations-24.1.0.jar;c:\Users\User\.vscode\extensions\vmware.vscode-spring-boot-1.53.0\language-server\BOOT-INF\lib\antlr4-runtime-4.11.1.jar;c:\Users\User\.vscode\extensions\vmware.vscode-spring-boot-1.53.0\language-server\BOOT-INF\lib\asm-9.6.jar;c:\Users\User\.vscode\extensions\vmware.vscode-spring-boot-1.53.0\language-server\BOOT-INF\lib\asm-analysis-9.6.jar;c:\Users\User\.vscode\extensions\vmware.vscode-spring-boot-1.53.0\language-server\BOOT-INF\lib\asm-tree-9.6.jar;c:\Users\User\.vscode\extensions\vmware.vscode-spring-boot-1.53.0\language-server\BOOT-INF\lib\asm-util-9.6.jar;c:\Users\User\.vscode\extensions\vmware.vscode-spring-boot-1.53.0\language-server\BOOT-INF\lib\caffeine-3.1.8.jar;c:\Users\User\.vscode\extensions\vmware.vscode-spring-boot-1.53.0\language-server\BOOT-INF\lib\checker-qual-3.12.0.jar;c:\Users\User\.vscode\extensions\vmware.vscode-spring-boot-1.53.0\language-server\BOOT-INF\lib\classgraph-4.8.149.jar;c:\Users\User\.vscode\extensions\vmware.vscode-spring-boot-1.53.0\language-server\BOOT-INF\lib\commons-codec-1.16.1.jar;c:\Users\User\.vscode\extensions\vmware.vscode-spring-boot-1.53.0\language-server\BOOT-INF\lib\commons-compress-1.26.0.jar;c:\Users\User\.vscode\extensions\vmware.vscode-spring-boot-1.53.0\language-server\BOOT-INF\lib\commons-io-2.4.jar;c:\Users\User\.vscode\extensions\vmware.vscode-spring-boot-1.53.0\language-server\BOOT-INF\lib\commons-java-1.53.0-SNAPSHOT.jar;c:\Users\User\.vscode\extensions\vmware.vscode-spring-boot-1.53.0\language-server\BOOT-INF\lib\commons-lang3-3.13.0.jar;c:\Users\User\.vscode\extensions\vmware.vscode-spring-boot-1.53.0\language-server\BOOT-INF\lib\commons-language-server-1.53.0-SNAPSHOT.jar;c:\Users\User\.vscode\extensions\vmware.vscode-spring-boot-1.53.0\language-server\BOOT-INF\
Launcher Type: SUN_STANDARD

[Global flags]
     intx CICompilerCount                          = 3                                         {product} {ergonomic}
     uint ConcGCThreads                            = 1                                         {product} {ergonomic}
     uint G1ConcRefinementThreads                  = 4                                         {product} {ergonomic}
   size_t G1HeapRegionSize                         = 1048576                                   {product} {ergonomic}
    uintx GCDrainStackTargetSize                   = 64                                        {product} {ergonomic}
     bool HeapDumpOnOutOfMemoryError               = true                                   {manageable} {command line}
   size_t InitialHeapSize                          = 134217728                                 {product} {ergonomic}
   size_t MarkStackSize                            = 4194304                                   {product} {ergonomic}
   size_t MaxHeapSize                              = 1073741824                                {product} {command line}
   size_t MaxNewSize                               = 643825664                                 {product} {ergonomic}
   size_t MinHeapDeltaBytes                        = 1048576                                   {product} {ergonomic}
   size_t MinHeapSize                              = 8388608                                   {product} {ergonomic}
    uintx NonProfiledCodeHeapSize                  = 0                                      {pd product} {ergonomic}
     bool ProfileInterpreter                       = false                                  {pd product} {command line}
    uintx ProfiledCodeHeapSize                     = 0                                      {pd product} {ergonomic}
   size_t SoftMaxHeapSize                          = 1073741824                             {manageable} {ergonomic}
     intx TieredStopAtLevel                        = 1                                         {product} {command line}
     bool UseCompressedClassPointers               = true                           {product lp64_product} {ergonomic}
     bool UseCompressedOops                        = true                           {product lp64_product} {ergonomic}
     bool UseG1GC                                  = true                                      {product} {ergonomic}
     bool UseLargePagesIndividualAllocation        = false                                  {pd product} {ergonomic}

Logging:
Log output configuration:
 #0: stdout all=warning,jni+resolve=off uptime,level,tags
 #1: stderr all=off uptime,level,tags

Environment Variables:
JAVA_HOME=C:\Program Files\Eclipse Adoptium\jdk-21.0.2.13-hotspot\
PATH=C:\Program Files\Eclipse Adoptium\jdk-21.0.2.13-hotspot\bin;C:\Python312\Scripts\;C:\Python312\;C:\Program Files\Common Files\Oracle\Java\javapath;C:\Windows\system32;C:\Windows;C:\Windows\System32\Wbem;C:\Windows\System32\WindowsPowerShell\v1.0\;C:\Windows\System32\OpenSSH\;C:\Program Files\Git\cmd;C:\Program Files\nodejs\;C:\ProgramData\chocolatey\bin;C:\Program Files\Microsoft SQL Server\150\Tools\Binn\;C:\Program Files\Microsoft SQL Server\Client SDK\ODBC\170\Tools\Binn\;C:\Program Files (x86)\Microsoft SQL Server\160\Tools\Binn\;C:\Program Files\Microsoft SQL Server\160\Tools\Binn\;C:\Program Files\Microsoft SQL Server\160\DTS\Binn\;C:\Program Files (x86)\Microsoft SQL Server\160\DTS\Binn\;C:\Program Files\dotnet\;C:\Users\User\AppData\Local\Microsoft\WindowsApps;C:\Users\User\AppData\Local\Programs\Microsoft VS Code\bin;C:\Users\User\AppData\Roaming\npm;C:\Users\User\.dotnet\tools
USERNAME=User
OS=Windows_NT
PROCESSOR_IDENTIFIER=Intel64 Family 6 Model 142 Stepping 9, GenuineIntel
TMP=C:\Users\User\AppData\Local\Temp
TEMP=C:\Users\User\AppData\Local\Temp



Periodic native trim disabled


---------------  S Y S T E M  ---------------

OS:
 Windows 10 , 64 bit Build 19041 (10.0.19041.3636)
OS uptime: 0 days 22:39 hours

CPU: total 4 (initial active 4) (2 cores per cpu, 2 threads per core) family 6 model 142 stepping 9 microcode 0xb4, cx8, cmov, fxsr, ht, mmx, 3dnowpref, sse, sse2, sse3, ssse3, sse4.1, sse4.2, popcnt, lzcnt, tsc, tscinvbit, avx, avx2, aes, erms, clmul, bmi1, bmi2, adx, fma, vzeroupper, clflush, clflushopt
Processor Information for all 4 processors :
  Max Mhz: 2701, Current Mhz: 2701, Mhz Limit: 2701

Memory: 4k page, system-wide physical 8092M (825M free)
TotalPageFile size 12188M (AvailPageFile size 71M)
current process WorkingSet (physical memory assigned to process): 74M, peak: 212M
current process commit charge ("private bytes"): 251M, peak: 260M

vm_info: OpenJDK 64-Bit Server VM (17.0.10+7) for windows-amd64 JRE (17.0.10+7), built on Jan 16 2024 23:25:11 by "admin" with MS VC++ 16.10 / 16.11 (VS2019)

END.
